2024-09-01 11:20:13.960 | INFO     | __main__:update_pose:79 - control bone 1 ---> 
2024-09-01 11:20:13.961 | INFO     | __main__:update_pose:79 - control bone 2 ---> 
2024-09-01 11:20:13.962 | INFO     | __main__:update_pose:79 - control bone 5 ---> 
2024-09-01 11:20:13.963 | INFO     | __main__:update_pose:79 - control bone 0 ---> 
2024-09-01 11:20:13.974 | INFO     | __main__:update_pose:79 - control bone 3 ---> 
2024-09-01 11:20:13.975 | INFO     | __main__:update_pose:79 - control bone 6 ---> 
2024-09-01 11:20:13.976 | INFO     | __main__:update_pose:79 - control bone 8 ---> 
2024-09-01 11:20:13.976 | INFO     | __main__:update_pose:79 - control bone 11 ---> 
2024-09-01 11:20:13.988 | INFO     | __main__:update_pose:79 - control bone 4 ---> 
2024-09-01 11:20:13.997 | INFO     | __main__:update_pose:79 - control bone 7 ---> 
2024-09-01 11:22:41.033 | INFO     | __main__:update_pose:79 - control bone 1 ---> [0, 2, 3, 4, 5, 6, 7, 8, 9, 10, 11, 12, 13, 14, 15, 16, 17]
2024-09-01 11:22:41.033 | INFO     | __main__:update_pose:79 - control bone 2 ---> [3, 4]
2024-09-01 11:22:41.033 | INFO     | __main__:update_pose:79 - control bone 5 ---> [6, 7]
2024-09-01 11:22:41.033 | INFO     | __main__:update_pose:79 - control bone 0 ---> []
2024-09-01 11:22:41.053 | INFO     | __main__:update_pose:79 - control bone 3 ---> [4]
2024-09-01 11:22:41.053 | INFO     | __main__:update_pose:79 - control bone 5 ---> [6, 7]
2024-09-01 11:22:41.054 | INFO     | __main__:update_pose:79 - control bone 8 ---> [9, 10]
2024-09-01 11:22:41.055 | INFO     | __main__:update_pose:79 - control bone 11 ---> [12, 13]
2024-09-01 11:22:41.067 | INFO     | __main__:update_pose:79 - control bone 4 ---> []
2024-09-01 11:22:41.068 | INFO     | __main__:update_pose:79 - control bone 7 ---> []
2024-09-01 11:23:57.528 | INFO     | __main__:update_pose:79 - control bone 1 ---> [0, 2, 3, 4, 5, 6, 7, 8, 9, 10, 11, 12, 13, 14, 15, 16, 17]
2024-09-01 11:23:57.529 | INFO     | __main__:update_pose:79 - control bone 0 ---> []
2024-09-01 11:23:57.529 | INFO     | __main__:update_pose:79 - control bone 2 ---> [3, 4]
2024-09-01 11:23:57.529 | INFO     | __main__:update_pose:79 - control bone 5 ---> [6, 7]
2024-09-01 11:23:57.529 | INFO     | __main__:update_pose:79 - control bone 8 ---> [9, 10]
2024-09-01 11:23:57.529 | INFO     | __main__:update_pose:79 - control bone 11 ---> [12, 13]
2024-09-01 11:23:57.554 | INFO     | __main__:update_pose:79 - control bone 4 ---> []
2024-09-01 11:23:57.554 | INFO     | __main__:update_pose:79 - control bone 7 ---> []
2024-09-01 11:24:28.921 | INFO     | __main__:update_pose:79 - control bone 1 ---> [0, 2, 3, 4, 5, 6, 7, 8, 9, 10, 11, 12, 13, 14, 15, 16, 17]
2024-09-01 11:24:28.922 | INFO     | __main__:update_pose:79 - control bone 0 ---> []
2024-09-01 11:24:28.933 | INFO     | __main__:update_pose:79 - control bone 2 ---> [3, 4]
2024-09-01 11:24:28.933 | INFO     | __main__:update_pose:79 - control bone 5 ---> [6, 7]
2024-09-01 11:24:28.934 | INFO     | __main__:update_pose:79 - control bone 8 ---> [9, 10]
2024-09-01 11:24:28.934 | INFO     | __main__:update_pose:79 - control bone 11 ---> [12, 13]
2024-09-01 11:24:28.945 | INFO     | __main__:update_pose:79 - control bone 4 ---> []
2024-09-01 11:24:28.946 | INFO     | __main__:update_pose:79 - control bone 7 ---> []
2024-09-01 11:25:33.431 | INFO     | __main__:update_pose:79 - control bone 1 ---> [0, 2, 3, 4, 5, 6, 7, 8, 9, 10, 11, 12, 13, 14, 15, 16, 17]
2024-09-01 11:25:33.431 | INFO     | __main__:update_pose:79 - control bone 0 ---> []
2024-09-01 11:25:33.443 | INFO     | __main__:update_pose:79 - control bone 2 ---> [3, 4]
2024-09-01 11:25:33.443 | INFO     | __main__:update_pose:79 - control bone 5 ---> [6, 7]
2024-09-01 11:25:33.443 | INFO     | __main__:update_pose:79 - control bone 8 ---> [9, 10]
2024-09-01 11:25:33.443 | INFO     | __main__:update_pose:79 - control bone 11 ---> [12, 13]
2024-09-01 11:25:33.463 | INFO     | __main__:update_pose:79 - control bone 3 ---> [4]
2024-09-01 11:25:33.463 | INFO     | __main__:update_pose:79 - control bone 6 ---> [7]
2024-09-01 11:26:56.308 | INFO     | __main__:update_pose:79 - control bone 1 ---> [0, 2, 3, 4, 5, 6, 7, 8, 9, 10, 11, 12, 13, 14, 15, 16, 17]
2024-09-01 11:26:56.308 | INFO     | __main__:update_pose:79 - control bone 0 ---> []
2024-09-01 11:26:56.330 | INFO     | __main__:update_pose:79 - control bone 2 ---> [3, 4]
2024-09-01 11:26:56.330 | INFO     | __main__:update_pose:79 - control bone 5 ---> [6, 7]
2024-09-01 11:26:56.330 | INFO     | __main__:update_pose:79 - control bone 8 ---> [9, 10]
2024-09-01 11:26:56.330 | INFO     | __main__:update_pose:79 - control bone 11 ---> [12, 13]
2024-09-01 11:26:56.330 | INFO     | __main__:update_pose:79 - control bone 3 ---> [4]
2024-09-01 11:26:56.345 | INFO     | __main__:update_pose:79 - control bone 6 ---> [7]
2024-09-01 11:27:49.130 | INFO     | __main__:update_pose:79 - control bone 1 ---> [0, 2, 3, 4, 5, 6, 7, 8, 9, 10, 11, 12, 13, 14, 15, 16, 17]
2024-09-01 11:27:49.130 | INFO     | __main__:update_pose:79 - control bone 0 ---> []
2024-09-01 11:27:49.147 | INFO     | __main__:update_pose:79 - control bone 2 ---> [3, 4]
2024-09-01 11:27:49.148 | INFO     | __main__:update_pose:79 - control bone 5 ---> [6, 7]
2024-09-01 11:27:49.149 | INFO     | __main__:update_pose:79 - control bone 8 ---> [9, 10]
2024-09-01 11:27:49.150 | INFO     | __main__:update_pose:79 - control bone 11 ---> [12, 13]
2024-09-01 11:27:49.213 | INFO     | __main__:update_pose:79 - control bone 3 ---> [4]
2024-09-01 11:27:49.214 | INFO     | __main__:update_pose:79 - control bone 6 ---> [7]
2024-09-01 14:50:30.949 | INFO     | __main__:update_pose:79 - control bone 1 ---> [0, 2, 3, 4, 5, 6, 7, 8, 9, 10, 11, 12, 13, 14, 15, 16, 17]
2024-09-01 14:50:30.949 | INFO     | __main__:update_pose:79 - control bone 0 ---> []
2024-09-01 14:50:30.961 | INFO     | __main__:update_pose:79 - control bone 2 ---> [3, 4]
2024-09-01 14:50:30.961 | INFO     | __main__:update_pose:79 - control bone 5 ---> [6, 7]
2024-09-01 14:50:30.962 | INFO     | __main__:update_pose:79 - control bone 8 ---> [9, 10]
2024-09-01 14:50:30.962 | INFO     | __main__:update_pose:79 - control bone 11 ---> [12, 13]
2024-09-01 14:50:31.025 | INFO     | __main__:update_pose:79 - control bone 3 ---> [4]
2024-09-01 14:50:31.026 | INFO     | __main__:update_pose:79 - control bone 6 ---> [7]
2024-09-01 14:54:18.987 | INFO     | __main__:update_pose:79 - control bone 1 ---> [0, 2, 3, 4, 5, 6, 7, 8, 9, 10, 11, 12, 13, 14, 15, 16, 17]
2024-09-01 14:54:18.988 | INFO     | __main__:update_pose:79 - control bone 0 ---> []
2024-09-01 14:54:18.998 | INFO     | __main__:update_pose:79 - control bone 2 ---> [3, 4]
2024-09-01 14:54:18.999 | INFO     | __main__:update_pose:79 - control bone 5 ---> [6, 7]
2024-09-01 14:54:18.999 | INFO     | __main__:update_pose:79 - control bone 8 ---> [9, 10]
2024-09-01 14:54:19.000 | INFO     | __main__:update_pose:79 - control bone 11 ---> [12, 13]
2024-09-01 14:54:19.065 | INFO     | __main__:update_pose:79 - control bone 3 ---> [4]
2024-09-01 14:54:19.067 | INFO     | __main__:update_pose:79 - control bone 6 ---> [7]
2024-09-01 14:54:19.067 | INFO     | __main__:update_pose:79 - control bone 9 ---> [10]
2024-09-01 14:54:19.068 | INFO     | __main__:update_pose:79 - control bone 12 ---> [13]
2024-09-01 14:55:04.175 | INFO     | __main__:update_pose:79 - control bone 1 ---> [0, 2, 3, 4, 5, 6, 7, 8, 9, 10, 11, 12, 13, 14, 15, 16, 17]
2024-09-01 14:55:04.175 | INFO     | __main__:update_pose:79 - control bone 2 ---> [3, 4]
2024-09-01 14:55:04.176 | INFO     | __main__:update_pose:79 - control bone 5 ---> [6, 7]
2024-09-01 14:55:04.177 | INFO     | __main__:update_pose:79 - control bone 0 ---> []
2024-09-01 14:55:04.188 | INFO     | __main__:update_pose:79 - control bone 2 ---> [3, 4]
2024-09-01 14:55:04.189 | INFO     | __main__:update_pose:79 - control bone 5 ---> [6, 7]
2024-09-01 14:55:04.190 | INFO     | __main__:update_pose:79 - control bone 8 ---> [9, 10]
2024-09-01 14:55:04.192 | INFO     | __main__:update_pose:79 - control bone 11 ---> [12, 13]
2024-09-01 14:55:04.253 | INFO     | __main__:update_pose:79 - control bone 3 ---> [4]
2024-09-01 14:55:04.254 | INFO     | __main__:update_pose:79 - control bone 6 ---> [7]
2024-09-01 14:55:04.255 | INFO     | __main__:update_pose:79 - control bone 9 ---> [10]
2024-09-01 14:55:04.255 | INFO     | __main__:update_pose:79 - control bone 12 ---> [13]
2024-09-01 15:18:13.767 | INFO     | __main__:update_pose:79 - control bone 1 ---> [0, 2, 3, 4, 5, 6, 7, 8, 9, 10, 11, 12, 13, 14, 15, 16, 17]
2024-09-01 15:18:13.768 | INFO     | __main__:update_pose:79 - control bone 2 ---> [3, 4]
2024-09-01 15:18:13.770 | INFO     | __main__:update_pose:79 - control bone 5 ---> [6, 7]
2024-09-01 15:18:13.770 | INFO     | __main__:update_pose:79 - control bone 0 ---> []
2024-09-01 15:18:13.782 | INFO     | __main__:update_pose:79 - control bone 2 ---> [3, 4]
2024-09-01 15:18:13.783 | INFO     | __main__:update_pose:79 - control bone 5 ---> [6, 7]
2024-09-01 15:18:13.784 | INFO     | __main__:update_pose:79 - control bone 8 ---> [9, 10]
2024-09-01 15:18:13.785 | INFO     | __main__:update_pose:79 - control bone 11 ---> [12, 13]
2024-09-01 15:18:13.845 | INFO     | __main__:update_pose:79 - control bone 3 ---> [4]
2024-09-01 15:18:13.846 | INFO     | __main__:update_pose:79 - control bone 6 ---> [7]
2024-09-01 15:18:13.846 | INFO     | __main__:update_pose:79 - control bone 9 ---> [10]
2024-09-01 15:18:13.847 | INFO     | __main__:update_pose:79 - control bone 12 ---> [13]
2024-09-01 15:22:52.064 | INFO     | __main__:update_pose:79 - control bone 1 ---> [0, 2, 3, 4, 5, 6, 7, 8, 9, 10, 11, 12, 13, 14, 15, 16, 17]
2024-09-01 15:22:52.064 | INFO     | __main__:update_pose:79 - control bone 2 ---> [3, 4]
2024-09-01 15:22:52.065 | INFO     | __main__:update_pose:79 - control bone 5 ---> [6, 7]
2024-09-01 15:22:52.066 | INFO     | __main__:update_pose:79 - control bone 0 ---> []
2024-09-01 15:22:52.080 | INFO     | __main__:update_pose:79 - control bone 2 ---> [3, 4]
2024-09-01 15:22:52.081 | INFO     | __main__:update_pose:79 - control bone 5 ---> [6, 7]
2024-09-01 15:22:52.082 | INFO     | __main__:update_pose:79 - control bone 8 ---> [9, 10]
2024-09-01 15:22:52.083 | INFO     | __main__:update_pose:79 - control bone 11 ---> [12, 13]
2024-09-01 15:22:52.145 | INFO     | __main__:update_pose:79 - control bone 3 ---> [4]
2024-09-01 15:22:52.146 | INFO     | __main__:update_pose:79 - control bone 6 ---> [7]
2024-09-01 15:22:52.147 | INFO     | __main__:update_pose:79 - control bone 9 ---> [10]
2024-09-01 15:22:52.148 | INFO     | __main__:update_pose:79 - control bone 12 ---> [13]
2024-09-01 15:23:36.818 | INFO     | __main__:update_pose:79 - control bone 1 ---> [0, 2, 3, 4, 5, 6, 7, 8, 9, 10, 11, 12, 13, 14, 15, 16, 17]
2024-09-01 15:23:36.818 | INFO     | __main__:update_pose:79 - control bone 18 ---> [2, 3, 4]
2024-09-01 15:23:36.819 | INFO     | __main__:update_pose:79 - control bone 19 ---> [5, 6, 7]
2024-09-01 15:23:36.820 | INFO     | __main__:update_pose:79 - control bone 0 ---> []
2024-09-01 15:23:36.832 | INFO     | __main__:update_pose:79 - control bone 2 ---> [3, 4]
2024-09-01 15:23:36.833 | INFO     | __main__:update_pose:79 - control bone 5 ---> [6, 7]
2024-09-01 15:23:36.834 | INFO     | __main__:update_pose:79 - control bone 8 ---> [9, 10]
2024-09-01 15:23:36.835 | INFO     | __main__:update_pose:79 - control bone 11 ---> [12, 13]
2024-09-01 15:23:36.903 | INFO     | __main__:update_pose:79 - control bone 3 ---> [4]
2024-09-01 15:23:36.904 | INFO     | __main__:update_pose:79 - control bone 6 ---> [7]
2024-09-01 15:23:36.905 | INFO     | __main__:update_pose:79 - control bone 9 ---> [10]
2024-09-01 15:23:36.906 | INFO     | __main__:update_pose:79 - control bone 12 ---> [13]
2024-09-01 15:24:32.272 | INFO     | __main__:update_pose:79 - control bone 1 ---> [0, 2, 3, 4, 5, 6, 7, 8, 9, 10, 11, 12, 13, 14, 15, 16, 17]
2024-09-01 15:24:32.284 | INFO     | __main__:update_pose:79 - control bone 18 ---> [2, 3, 4]
2024-09-01 15:24:32.285 | INFO     | __main__:update_pose:79 - control bone 19 ---> [5, 6, 7]
2024-09-01 15:24:32.286 | INFO     | __main__:update_pose:79 - control bone 0 ---> []
2024-09-01 15:24:32.349 | INFO     | __main__:update_pose:79 - control bone 2 ---> [3, 4]
2024-09-01 15:24:32.350 | INFO     | __main__:update_pose:79 - control bone 5 ---> [6, 7]
2024-09-01 15:24:32.351 | INFO     | __main__:update_pose:79 - control bone 8 ---> [9, 10]
2024-09-01 15:24:32.352 | INFO     | __main__:update_pose:79 - control bone 11 ---> [12, 13]
2024-09-01 15:24:32.365 | INFO     | __main__:update_pose:79 - control bone 3 ---> [4]
2024-09-01 15:24:32.366 | INFO     | __main__:update_pose:79 - control bone 6 ---> [7]
2024-09-01 15:24:32.370 | INFO     | __main__:update_pose:79 - control bone 9 ---> [10]
2024-09-01 15:24:32.370 | INFO     | __main__:update_pose:79 - control bone 12 ---> [13]
2024-09-01 15:26:25.329 | INFO     | __main__:update_pose:79 - control bone 1 ---> [0, 2, 3, 4, 5, 6, 7, 8, 9, 10, 11, 12, 13, 14, 15, 16, 17]
2024-09-01 15:26:25.342 | INFO     | __main__:update_pose:79 - control bone 18 ---> [2, 3, 4]
2024-09-01 15:26:25.343 | INFO     | __main__:update_pose:79 - control bone 19 ---> [5, 6, 7]
2024-09-01 15:26:25.343 | INFO     | __main__:update_pose:79 - control bone 0 ---> []
2024-09-01 15:26:25.410 | INFO     | __main__:update_pose:79 - control bone 2 ---> [3, 4]
2024-09-01 15:26:25.410 | INFO     | __main__:update_pose:79 - control bone 5 ---> [6, 7]
2024-09-01 15:26:25.411 | INFO     | __main__:update_pose:79 - control bone 8 ---> [9, 10]
2024-09-01 15:26:25.412 | INFO     | __main__:update_pose:79 - control bone 11 ---> [12, 13]
2024-09-01 15:26:25.428 | INFO     | __main__:update_pose:79 - control bone 3 ---> [4]
2024-09-01 15:26:25.428 | INFO     | __main__:update_pose:79 - control bone 6 ---> [7]
2024-09-01 15:26:25.429 | INFO     | __main__:update_pose:79 - control bone 9 ---> [10]
2024-09-01 15:26:25.430 | INFO     | __main__:update_pose:79 - control bone 12 ---> [13]
2024-09-01 15:27:13.265 | INFO     | __main__:update_pose:79 - control bone 1 ---> [0, 2, 3, 4, 5, 6, 7, 8, 9, 10, 11, 12, 13, 14, 15, 16, 17]
2024-09-01 15:27:13.265 | INFO     | __main__:update_pose:79 - control bone 18 ---> [2, 3, 4]
2024-09-01 15:27:13.266 | INFO     | __main__:update_pose:79 - control bone 19 ---> [5, 6, 7]
2024-09-01 15:27:13.267 | INFO     | __main__:update_pose:79 - control bone 0 ---> []
2024-09-01 15:27:13.279 | INFO     | __main__:update_pose:79 - control bone 2 ---> [3, 4]
2024-09-01 15:27:13.280 | INFO     | __main__:update_pose:79 - control bone 5 ---> [6, 7]
2024-09-01 15:27:13.281 | INFO     | __main__:update_pose:79 - control bone 8 ---> [9, 10]
2024-09-01 15:27:13.282 | INFO     | __main__:update_pose:79 - control bone 11 ---> [12, 13]
2024-09-01 15:27:13.342 | INFO     | __main__:update_pose:79 - control bone 3 ---> [4]
2024-09-01 15:27:13.343 | INFO     | __main__:update_pose:79 - control bone 6 ---> [7]
2024-09-01 15:27:13.344 | INFO     | __main__:update_pose:79 - control bone 9 ---> [10]
2024-09-01 15:27:13.345 | INFO     | __main__:update_pose:79 - control bone 12 ---> [13]
2024-09-01 15:27:59.615 | INFO     | __main__:update_pose:79 - control bone 1 ---> [0, 2, 3, 4, 5, 6, 7, 8, 9, 10, 11, 12, 13, 14, 15, 16, 17]
2024-09-01 15:27:59.616 | INFO     | __main__:update_pose:79 - control bone 18 ---> [2, 3, 4]
2024-09-01 15:27:59.617 | INFO     | __main__:update_pose:79 - control bone 19 ---> [5, 6, 7]
2024-09-01 15:27:59.617 | INFO     | __main__:update_pose:79 - control bone 0 ---> []
2024-09-01 15:27:59.629 | INFO     | __main__:update_pose:79 - control bone 2 ---> [3, 4]
2024-09-01 15:27:59.630 | INFO     | __main__:update_pose:79 - control bone 5 ---> [6, 7]
2024-09-01 15:27:59.631 | INFO     | __main__:update_pose:79 - control bone 8 ---> [9, 10]
2024-09-01 15:27:59.632 | INFO     | __main__:update_pose:79 - control bone 11 ---> [12, 13]
2024-09-01 15:27:59.694 | INFO     | __main__:update_pose:79 - control bone 3 ---> [4]
2024-09-01 15:27:59.695 | INFO     | __main__:update_pose:79 - control bone 6 ---> [7]
2024-09-01 15:27:59.696 | INFO     | __main__:update_pose:79 - control bone 9 ---> [10]
2024-09-01 15:27:59.697 | INFO     | __main__:update_pose:79 - control bone 12 ---> [13]
2024-09-01 15:32:30.978 | INFO     | __main__:update_pose:79 - control bone 1 ---> [0, 2, 3, 4, 5, 6, 7, 8, 9, 10, 11, 12, 13, 14, 15, 16, 17]
2024-09-01 15:32:30.978 | INFO     | __main__:update_pose:79 - control bone 18 ---> [2, 3, 4]
2024-09-01 15:32:30.979 | INFO     | __main__:update_pose:79 - control bone 19 ---> [5, 6, 7]
2024-09-01 15:32:30.980 | INFO     | __main__:update_pose:79 - control bone 0 ---> []
2024-09-01 15:32:30.992 | INFO     | __main__:update_pose:79 - control bone 2 ---> [3, 4]
2024-09-01 15:32:30.993 | INFO     | __main__:update_pose:79 - control bone 5 ---> [6, 7]
2024-09-01 15:32:30.994 | INFO     | __main__:update_pose:79 - control bone 8 ---> [9, 10]
2024-09-01 15:32:30.995 | INFO     | __main__:update_pose:79 - control bone 11 ---> [12, 13]
2024-09-01 15:32:31.057 | INFO     | __main__:update_pose:79 - control bone 3 ---> [4]
2024-09-01 15:32:31.058 | INFO     | __main__:update_pose:79 - control bone 6 ---> [7]
2024-09-01 15:32:31.059 | INFO     | __main__:update_pose:79 - control bone 9 ---> [10]
2024-09-01 15:32:31.059 | INFO     | __main__:update_pose:79 - control bone 12 ---> [13]
2024-09-01 15:33:01.674 | INFO     | __main__:update_pose:79 - control bone 1 ---> [0, 2, 3, 4, 5, 6, 7, 8, 9, 10, 11, 12, 13, 14, 15, 16, 17]
2024-09-01 15:33:01.675 | INFO     | __main__:update_pose:79 - control bone 18 ---> [2, 3, 4]
2024-09-01 15:33:01.676 | INFO     | __main__:update_pose:79 - control bone 19 ---> [5, 6, 7]
2024-09-01 15:33:01.676 | INFO     | __main__:update_pose:79 - control bone 0 ---> []
2024-09-01 15:33:01.688 | INFO     | __main__:update_pose:79 - control bone 2 ---> [3, 4]
2024-09-01 15:33:01.689 | INFO     | __main__:update_pose:79 - control bone 5 ---> [6, 7]
2024-09-01 15:33:01.690 | INFO     | __main__:update_pose:79 - control bone 8 ---> [9, 10]
2024-09-01 15:33:01.691 | INFO     | __main__:update_pose:79 - control bone 11 ---> [12, 13]
2024-09-01 15:33:01.754 | INFO     | __main__:update_pose:79 - control bone 3 ---> [4]
2024-09-01 15:33:01.755 | INFO     | __main__:update_pose:79 - control bone 6 ---> [7]
2024-09-01 15:33:01.756 | INFO     | __main__:update_pose:79 - control bone 9 ---> [10]
2024-09-01 15:33:01.757 | INFO     | __main__:update_pose:79 - control bone 12 ---> [13]
