2024-10-19 17:42:55.201 | INFO     | __main__:<module>:15 - Start Time: 
2024-10-19 17:42:55.328 | INFO     | __main__:update_vector:131 - present_vector: [ 100 -200] target_vector: [-100  300] Rotate_Angle: 2.9996955989856287
2024-10-19 17:42:55.329 | INFO     | __main__:update_vector:136 - update_vector: [-70.71067812 212.13203436]
2024-10-19 17:42:55.329 | INFO     | __main__:update_vector:131 - present_vector: [-70.71067812 -70.        ] target_vector: [-100   10] Rotate_Angle: 0.8800162249499833
2024-10-19 17:42:55.330 | INFO     | __main__:update_vector:136 - update_vector: [  8.89993994 -99.09990449]
2024-10-19 17:45:19.762 | INFO     | __main__:<module>:15 - Start Time: 
2024-10-19 17:45:19.894 | INFO     | __main__:update_vector:135 - present_vector: [ 100 -200] target_vector: [-100  300] Rotate_Angle: 2.9996955989856287
2024-10-19 17:45:19.896 | INFO     | __main__:update_vector:140 - update_vector: [-70.71067812 212.13203436]
2024-10-19 17:45:19.896 | INFO     | __main__:update_vector:135 - present_vector: [-70.71067812 -70.        ] target_vector: [-100   10] Rotate_Angle: 0.8800162249499833
2024-10-19 17:45:19.896 | INFO     | __main__:update_vector:140 - update_vector: [  8.89993994 -99.09990449]
2024-10-19 17:47:05.655 | INFO     | __main__:<module>:15 - Start Time: 
2024-10-19 17:47:05.829 | INFO     | __main__:<module>:218 - X-Z Rotate
2024-10-19 17:47:05.829 | INFO     | __main__:update_vector:135 - present_vector: [ 100 -200] target_vector: [-100  300] Rotate_Angle: 2.9996955989856287
2024-10-19 17:47:05.829 | INFO     | __main__:update_vector:140 - update_vector: [-70.71067812 212.13203436]
2024-10-19 17:47:05.829 | INFO     | __main__:<module>:222 - new_vector_1: [-70.71067812 212.13203436]
2024-10-19 17:47:05.829 | INFO     | __main__:<module>:225 - X-Y Rotate
2024-10-19 17:47:05.829 | INFO     | __main__:update_vector:135 - present_vector: [-70.71067812 -70.        ] target_vector: [-100   10] Rotate_Angle: 0.8800162249499833
2024-10-19 17:47:05.829 | INFO     | __main__:update_vector:140 - update_vector: [  8.89993994 -99.09990449]
2024-10-19 17:47:05.829 | INFO     | __main__:<module>:229 - new_vector_2: [  8.89993994 -99.09990449]
2024-10-19 17:47:26.081 | INFO     | __main__:<module>:15 - Start Time: 
2024-10-19 17:47:26.215 | INFO     | __main__:<module>:218 - X-Z Rotate
2024-10-19 17:47:26.217 | INFO     | __main__:update_vector:135 - present_vector: [ 100 -200] target_vector: [-100  300] Rotate_Angle: 2.9996955989856287
2024-10-19 17:47:26.218 | INFO     | __main__:update_vector:140 - update_vector: [-70.71067812 212.13203436]
2024-10-19 17:47:26.218 | INFO     | __main__:<module>:225 - X-Y Rotate
2024-10-19 17:47:26.218 | INFO     | __main__:update_vector:135 - present_vector: [-70.71067812 -70.        ] target_vector: [-100   10] Rotate_Angle: 0.8800162249499833
2024-10-19 17:47:26.219 | INFO     | __main__:update_vector:140 - update_vector: [  8.89993994 -99.09990449]
2024-10-19 17:47:58.619 | INFO     | __main__:<module>:15 - Start Time: 2024-10-19 17:47:58.619054
2024-10-19 17:47:58.758 | INFO     | __main__:<module>:218 - X-Z Rotate
2024-10-19 17:47:58.758 | INFO     | __main__:update_vector:135 - present_vector: [ 100 -200] target_vector: [-100  300] Rotate_Angle: 2.9996955989856287
2024-10-19 17:47:58.758 | INFO     | __main__:update_vector:140 - update_vector: [-70.71067812 212.13203436]
2024-10-19 17:47:58.758 | INFO     | __main__:<module>:225 - X-Y Rotate
2024-10-19 17:47:58.758 | INFO     | __main__:update_vector:135 - present_vector: [-70.71067812 -70.        ] target_vector: [-100   10] Rotate_Angle: 0.8800162249499833
2024-10-19 17:47:58.758 | INFO     | __main__:update_vector:140 - update_vector: [  8.89993994 -99.09990449]
2024-10-19 17:57:31.738 | INFO     | __main__:<module>:15 - Start Time: 2024-10-19 17:57:31.738007
2024-10-19 17:57:31.918 | INFO     | __main__:<module>:224 - X-Z Rotate
2024-10-19 17:57:31.918 | INFO     | __main__:update_vector:142 - present_vector: [ 100 -200] target_vector: [-100  300] Rotate_Angle: 2.9996955989856287
2024-10-19 17:57:31.918 | INFO     | __main__:update_vector:147 - update_vector: [-70.71067812 212.13203436]
2024-10-19 17:57:31.918 | INFO     | __main__:<module>:231 - X-Y Rotate
2024-10-19 17:57:31.920 | INFO     | __main__:update_vector:142 - present_vector: [-70.71067812 -70.        ] target_vector: [-100   10] Rotate_Angle: 0.8800162249499833
2024-10-19 17:57:31.920 | INFO     | __main__:update_vector:147 - update_vector: [  8.89993994 -99.09990449]
2024-10-19 17:57:48.334 | INFO     | __main__:<module>:15 - Start Time: 2024-10-19 17:57:48.334610
2024-10-19 17:57:48.495 | INFO     | __main__:<module>:224 - X-Z Rotate
2024-10-19 17:57:48.495 | INFO     | __main__:update_vector:142 - present_vector: [ 100 -200] target_vector: [-100  300] Rotate_Angle: 2.9996955989856287
2024-10-19 17:57:48.496 | INFO     | __main__:update_vector:147 - update_vector: [-70.71067812 212.13203436]
2024-10-19 17:57:48.496 | INFO     | __main__:<module>:231 - X-Y Rotate
2024-10-19 17:57:48.496 | INFO     | __main__:update_vector:142 - present_vector: [-70.71067812 -70.        ] target_vector: [-100   10] Rotate_Angle: 0.8800162249499833
2024-10-19 17:57:48.497 | INFO     | __main__:update_vector:147 - update_vector: [  8.89993994 -99.09990449]
2024-10-19 17:58:01.122 | INFO     | __main__:<module>:15 - Start Time: 2024-10-19 17:58:01.122552
2024-10-19 17:58:01.261 | INFO     | __main__:<module>:224 - X-Z Rotate
2024-10-19 17:58:01.261 | INFO     | __main__:update_vector:142 - present_vector: [ 100 -200] target_vector: [-100  300] Rotate_Angle: 2.9996955989856287
2024-10-19 17:58:01.262 | INFO     | __main__:update_vector:147 - update_vector: [-70.71067812 212.13203436]
2024-10-19 17:58:01.262 | INFO     | __main__:<module>:231 - X-Y Rotate
2024-10-19 17:58:01.263 | INFO     | __main__:update_vector:142 - present_vector: [-70.71067812 -70.        ] target_vector: [-100   10] Rotate_Angle: 0.8800162249499833
2024-10-19 17:58:01.263 | INFO     | __main__:update_vector:147 - update_vector: [  8.89993994 -99.09990449]
2024-10-19 17:58:17.270 | INFO     | __main__:<module>:15 - Start Time: 2024-10-19 17:58:17.270448
2024-10-19 17:58:17.452 | INFO     | __main__:<module>:224 - X-Z Rotate
2024-10-19 17:58:17.452 | INFO     | __main__:update_vector:142 - present_vector: [ 100 -200] target_vector: [-100  300] Rotate_Angle: 2.9996955989856287
2024-10-19 17:58:17.453 | INFO     | __main__:update_vector:147 - update_vector: [-70.71067812 212.13203436]
2024-10-19 17:58:17.453 | INFO     | __main__:<module>:231 - X-Y Rotate
2024-10-19 17:58:17.453 | INFO     | __main__:update_vector:142 - present_vector: [-70.71067812 -70.        ] target_vector: [-100   10] Rotate_Angle: 0.8800162249499833
2024-10-19 17:58:17.453 | INFO     | __main__:update_vector:147 - update_vector: [  8.89993994 -99.09990449]
2024-10-19 17:59:31.063 | INFO     | __main__:<module>:15 - Start Time: 2024-10-19 17:59:31.063669
2024-10-19 17:59:31.208 | INFO     | __main__:<module>:224 - X-Z Rotate
2024-10-19 17:59:31.208 | INFO     | __main__:update_vector:142 - present_vector: [ 100 -200] target_vector: [-100  300] Rotate_Angle: 2.9996955989856287
2024-10-19 17:59:31.208 | INFO     | __main__:update_vector:147 - update_vector: [-70.71067812 212.13203436]
2024-10-19 17:59:31.208 | INFO     | __main__:<module>:231 - X-Y Rotate
2024-10-19 17:59:31.208 | INFO     | __main__:update_vector:142 - present_vector: [-70.71067812 -70.        ] target_vector: [-100   10] Rotate_Angle: 0.8800162249499833
2024-10-19 17:59:31.208 | INFO     | __main__:update_vector:147 - update_vector: [  8.89993994 -99.09990449]
2024-10-19 18:00:04.612 | INFO     | __main__:<module>:15 - Start Time: 2024-10-19 18:00:04.612352
2024-10-19 18:00:04.758 | INFO     | __main__:<module>:224 - X-Z Rotate
2024-10-19 18:00:04.758 | INFO     | __main__:update_vector:142 - present_vector: [ 100 -200] target_vector: [-100  300] Rotate_Angle: 2.9996955989856287
2024-10-19 18:00:04.759 | INFO     | __main__:update_vector:147 - update_vector: [-70.71067812 212.13203436]
2024-10-19 18:00:04.759 | INFO     | __main__:<module>:231 - X-Y Rotate
2024-10-19 18:00:04.759 | INFO     | __main__:update_vector:142 - present_vector: [-70.71067812 -70.        ] target_vector: [-100   10] Rotate_Angle: 0.8800162249499833
2024-10-19 18:00:04.760 | INFO     | __main__:update_vector:147 - update_vector: [  8.89993994 -99.09990449]
2024-10-19 18:01:57.486 | INFO     | __main__:<module>:15 - Start Time: 2024-10-19 18:01:57.486593
2024-10-19 18:01:57.640 | INFO     | __main__:<module>:226 - X-Z Rotate
2024-10-19 18:01:57.641 | INFO     | __main__:update_vector:144 - present_vector: [ 100 -200] target_vector: [-100  300] Rotate_Angle: 2.9996955989856287
2024-10-19 18:01:57.641 | INFO     | __main__:update_vector:149 - update_vector: [-70.71067812 212.13203436]
2024-10-19 18:01:57.641 | INFO     | __main__:<module>:233 - X-Y Rotate
2024-10-19 18:01:57.642 | INFO     | __main__:update_vector:144 - present_vector: [-70.71067812 -70.        ] target_vector: [-100   10] Rotate_Angle: 0.8800162249499833
2024-10-19 18:01:57.642 | INFO     | __main__:update_vector:149 - update_vector: [  8.89993994 -99.09990449]
2024-10-19 18:03:22.848 | INFO     | __main__:<module>:15 - Start Time: 2024-10-19 18:03:22.848089
2024-10-19 18:03:22.996 | INFO     | __main__:<module>:226 - X-Z Rotate
2024-10-19 18:03:22.996 | INFO     | __main__:update_vector:144 - present_vector: [ 100 -200] target_vector: [-100  300] Rotate_Angle: 2.9996955989856287
2024-10-19 18:03:22.996 | INFO     | __main__:update_vector:149 - update_vector: [-70.71067812 212.13203436]
2024-10-19 18:03:22.998 | INFO     | __main__:<module>:236 - X-Y Rotate
2024-10-19 18:03:22.998 | INFO     | __main__:update_vector:144 - present_vector: [-70.71067812 -70.        ] target_vector: [-100   10] Rotate_Angle: 0.8800162249499833
2024-10-19 18:03:22.998 | INFO     | __main__:update_vector:149 - update_vector: [  8.89993994 -99.09990449]
2024-10-19 18:04:06.067 | INFO     | __main__:<module>:15 - Start Time: 2024-10-19 18:04:06.067385
2024-10-19 18:04:06.214 | INFO     | __main__:<module>:228 - X-Z Rotate
2024-10-19 18:04:06.215 | INFO     | __main__:update_vector:146 - present_vector: [ 100 -200] target_vector: [-100  300] Rotate_Angle: 2.9996955989856287
2024-10-19 18:04:06.215 | INFO     | __main__:update_vector:151 - update_vector: [-70.71067812 212.13203436]
2024-10-19 18:04:06.216 | INFO     | __main__:<module>:238 - X-Y Rotate
2024-10-19 18:04:06.216 | INFO     | __main__:update_vector:146 - present_vector: [-70.71067812 -70.        ] target_vector: [-100   10] Rotate_Angle: 0.8800162249499833
2024-10-19 18:04:06.217 | INFO     | __main__:update_vector:151 - update_vector: [  8.89993994 -99.09990449]
2024-10-19 18:41:34.168 | INFO     | __main__:<module>:15 - Start Time: 2024-10-19 18:41:34.168560
2024-10-19 18:41:34.325 | INFO     | __main__:<module>:228 - X-Z Rotate
2024-10-19 18:41:34.326 | INFO     | __main__:update_vector:146 - present_vector: [ 100 -200] target_vector: [-100  300] Rotate_Angle: 2.9996955989856287
2024-10-19 18:41:34.326 | INFO     | __main__:update_vector:151 - update_vector: [-70.71067812 212.13203436]
2024-10-19 18:41:34.327 | INFO     | __main__:<module>:238 - X-Y Rotate
2024-10-19 18:41:34.327 | INFO     | __main__:update_vector:146 - present_vector: [-70.71067812 -70.        ] target_vector: [-100   10] Rotate_Angle: 0.8800162249499833
2024-10-19 18:41:34.327 | INFO     | __main__:update_vector:151 - update_vector: [  8.89993994 -99.09990449]
2024-10-19 18:44:06.528 | INFO     | __main__:<module>:15 - Start Time: 2024-10-19 18:44:06.528155
2024-10-19 18:44:06.694 | INFO     | __main__:<module>:228 - X-Z Rotate
2024-10-19 18:44:06.694 | INFO     | __main__:update_vector:146 - present_vector: [ 100 -200] target_vector: [-100  300] Rotate_Angle: 2.9996955989856287
2024-10-19 18:44:06.694 | INFO     | __main__:update_vector:151 - update_vector: [-70.71067812 212.13203436]
2024-10-19 18:44:06.694 | INFO     | __main__:<module>:238 - X-Y Rotate
2024-10-19 18:44:06.694 | INFO     | __main__:update_vector:146 - present_vector: [-70.71067812 -70.        ] target_vector: [-100   10] Rotate_Angle: 0.8800162249499833
2024-10-19 18:44:06.694 | INFO     | __main__:update_vector:151 - update_vector: [  8.89993994 -99.09990449]
2024-10-19 18:44:39.871 | INFO     | __main__:<module>:15 - Start Time: 2024-10-19 18:44:39.871855
2024-10-19 18:44:40.045 | INFO     | __main__:<module>:228 - X-Z Rotate
2024-10-19 18:44:40.046 | INFO     | __main__:update_vector:146 - present_vector: [ 100 -200] target_vector: [-100  300] Rotate_Angle: 2.9996955989856287
2024-10-19 18:44:40.046 | INFO     | __main__:update_vector:151 - update_vector: [-70.71067812 212.13203436]
2024-10-19 18:44:40.047 | INFO     | __main__:<module>:238 - X-Y Rotate
2024-10-19 18:44:40.048 | INFO     | __main__:update_vector:146 - present_vector: [-70.71067812 -70.        ] target_vector: [-100   10] Rotate_Angle: 0.8800162249499833
2024-10-19 18:44:40.048 | INFO     | __main__:update_vector:151 - update_vector: [  8.89993994 -99.09990449]
2024-10-19 18:46:22.527 | INFO     | __main__:<module>:15 - Start Time: 2024-10-19 18:46:22.527054
2024-10-19 18:46:22.709 | INFO     | __main__:<module>:225 - present_vector_3d: [ 100  -70 -200], target_vector_3d: [-100   10  300]
2024-10-19 18:46:22.709 | INFO     | __main__:<module>:230 - X-Z Rotate
2024-10-19 18:46:22.710 | INFO     | __main__:update_vector:146 - present_vector: [ 100 -200] target_vector: [-100  300] Rotate_Angle: 2.9996955989856287
2024-10-19 18:46:22.711 | INFO     | __main__:update_vector:151 - update_vector: [-70.71067812 212.13203436]
2024-10-19 18:46:22.712 | INFO     | __main__:<module>:240 - X-Y Rotate
2024-10-19 18:46:22.712 | INFO     | __main__:update_vector:146 - present_vector: [-70.71067812 -70.        ] target_vector: [-100   10] Rotate_Angle: 0.8800162249499833
2024-10-19 18:46:22.713 | INFO     | __main__:update_vector:151 - update_vector: [  8.89993994 -99.09990449]
2024-10-19 18:47:43.254 | INFO     | __main__:<module>:15 - Start Time: 2024-10-19 18:47:43.254481
2024-10-19 18:47:43.426 | INFO     | __main__:<module>:225 - present_vector_3d: [ 100  -70 -200], target_vector_3d: [-100   10  300]
2024-10-19 18:47:43.426 | INFO     | __main__:<module>:230 - X-Z Rotate
2024-10-19 18:47:43.426 | INFO     | __main__:update_vector:146 - present_vector: [ 100 -200] target_vector: [-100  300] Rotate_Angle: 2.9996955989856287
2024-10-19 18:47:43.426 | INFO     | __main__:update_vector:151 - update_vector: [-70.71067812 212.13203436]
2024-10-19 18:47:43.426 | INFO     | __main__:<module>:240 - X-Y Rotate
2024-10-19 18:47:43.426 | INFO     | __main__:update_vector:146 - present_vector: [-70.71067812 -70.        ] target_vector: [-100   10] Rotate_Angle: 0.8800162249499833
2024-10-19 18:47:43.426 | INFO     | __main__:update_vector:151 - update_vector: [  8.89993994 -99.09990449]
2024-10-19 18:54:09.986 | INFO     | __main__:<module>:15 - Start Time: 2024-10-19 18:54:09.986928
2024-10-19 18:54:10.194 | INFO     | __main__:<module>:225 - present_vector_3d: [ 100  -70 -200], target_vector_3d: [-100   10  300]
2024-10-19 18:54:10.194 | INFO     | __main__:<module>:230 - X-Z Rotate
2024-10-19 18:54:10.194 | INFO     | __main__:update_vector:146 - present_vector: [ 100 -200] target_vector: [-100  300] Rotate_Angle: 2.9996955989856287
2024-10-19 18:54:10.194 | INFO     | __main__:update_vector:151 - update_vector: [-70.71067812 212.13203436]
2024-10-19 18:54:10.194 | INFO     | __main__:<module>:241 - X-Y Rotate
2024-10-19 18:54:10.194 | INFO     | __main__:update_vector:146 - present_vector: [-70.71067812 -70.        ] target_vector: [-100   10] Rotate_Angle: 0.8800162249499833
2024-10-19 18:54:10.194 | INFO     | __main__:update_vector:151 - update_vector: [  8.89993994 -99.09990449]
2024-10-19 18:56:16.976 | INFO     | __main__:<module>:15 - Start Time: 2024-10-19 18:56:16.976919
2024-10-19 18:56:17.188 | INFO     | __main__:<module>:225 - present_vector_3d: [ 100  -70 -200], target_vector_3d: [-100   10  300]
2024-10-19 18:56:17.189 | INFO     | __main__:<module>:230 - X-Z Rotate
2024-10-19 18:56:17.190 | INFO     | __main__:update_vector:146 - present_vector: [100 -70] target_vector: [-100  300] Rotate_Angle: 2.5032728455807476
2024-10-19 18:56:17.190 | INFO     | __main__:update_vector:151 - update_vector: [-38.60051813 115.80155439]
2024-10-19 18:56:17.192 | INFO     | __main__:<module>:241 - X-Y Rotate
2024-10-19 18:56:17.192 | INFO     | __main__:update_vector:146 - present_vector: [-38.60051813 -70.        ] target_vector: [-100   10] Rotate_Angle: 1.166519962191609
2024-10-19 18:56:17.192 | INFO     | __main__:update_vector:151 - update_vector: [ 49.17345846 -63.02357482]
2024-10-19 19:00:28.184 | INFO     | __main__:<module>:15 - Start Time: 2024-10-19 19:00:28.184747
2024-10-19 19:00:28.365 | INFO     | __main__:<module>:225 - present_vector_3d: [ 100  -70 -200], target_vector_3d: [-100   10  300]
2024-10-19 19:00:28.366 | INFO     | __main__:<module>:230 - X-Z Rotate
2024-10-19 19:00:28.367 | INFO     | __main__:update_vector:146 - present_vector: [100 -70] target_vector: [-100  300] Rotate_Angle: 2.5032728455807476
2024-10-19 19:00:28.367 | INFO     | __main__:update_vector:151 - update_vector: [-38.60051813 115.80155439]
2024-10-19 19:00:28.369 | INFO     | __main__:<module>:241 - X-Y Rotate
2024-10-19 19:00:28.369 | INFO     | __main__:update_vector:146 - present_vector: [-38.60051813 -70.        ] target_vector: [-100   10] Rotate_Angle: 1.166519962191609
2024-10-19 19:00:28.370 | INFO     | __main__:update_vector:151 - update_vector: [ 49.17345846 -63.02357482]
2024-10-19 19:01:04.299 | INFO     | __main__:<module>:15 - Start Time: 2024-10-19 19:01:04.299939
2024-10-19 19:01:04.487 | INFO     | __main__:<module>:225 - present_vector_3d: [ 100  -70 -200], target_vector_3d: [-100   10  300]
2024-10-19 19:01:04.488 | INFO     | __main__:<module>:230 - X-Z Rotate
2024-10-19 19:01:04.489 | INFO     | __main__:update_vector:146 - present_vector: [ 100 -200] target_vector: [-100  300] Rotate_Angle: 2.9996955989856287
2024-10-19 19:01:04.489 | INFO     | __main__:update_vector:151 - update_vector: [-70.71067812 212.13203436]
2024-10-19 19:01:04.490 | INFO     | __main__:<module>:241 - X-Y Rotate
2024-10-19 19:01:04.491 | INFO     | __main__:update_vector:146 - present_vector: [-70.71067812 -70.        ] target_vector: [-100   10] Rotate_Angle: 0.8800162249499833
2024-10-19 19:01:04.491 | INFO     | __main__:update_vector:151 - update_vector: [  8.89993994 -99.09990449]
2024-10-19 19:03:24.357 | INFO     | __main__:<module>:15 - Start Time: 2024-10-19 19:03:24.357556
2024-10-19 19:03:24.565 | INFO     | __main__:<module>:225 - present_vector_3d: [ 100  -70 -200], target_vector_3d: [-100   10  300]
2024-10-19 19:03:24.566 | INFO     | __main__:<module>:230 - X-Z Rotate
2024-10-19 19:03:24.567 | INFO     | __main__:update_vector:146 - present_vector: [-200  100] target_vector: [-100  300] Rotate_Angle: 0.7853981633974484
2024-10-19 19:03:24.567 | INFO     | __main__:update_vector:151 - update_vector: [-212.13203436  -70.71067812]
2024-10-19 19:03:24.568 | INFO     | __main__:<module>:242 - X-Y Rotate
2024-10-19 19:03:24.569 | INFO     | __main__:update_vector:146 - present_vector: [-212.13203436  -70.        ] target_vector: [-100   10] Rotate_Angle: 0.41840103072168644
2024-10-19 19:03:24.569 | INFO     | __main__:update_vector:151 - update_vector: [-165.39248093 -150.15101482]
2024-10-19 19:03:55.949 | INFO     | __main__:<module>:15 - Start Time: 2024-10-19 19:03:55.949801
2024-10-19 19:03:56.129 | INFO     | __main__:<module>:225 - present_vector_3d: [ 100  -70 -200], target_vector_3d: [-100   10  300]
2024-10-19 19:03:56.130 | INFO     | __main__:<module>:230 - X-Z Rotate
2024-10-19 19:03:56.130 | INFO     | __main__:update_vector:146 - present_vector: [ 100 -200] target_vector: [-100  300] Rotate_Angle: 2.9996955989856287
2024-10-19 19:03:56.131 | INFO     | __main__:update_vector:151 - update_vector: [-70.71067812 212.13203436]
2024-10-19 19:03:56.132 | INFO     | __main__:<module>:242 - X-Y Rotate
2024-10-19 19:03:56.132 | INFO     | __main__:update_vector:146 - present_vector: [-70.71067812 -70.        ] target_vector: [-100   10] Rotate_Angle: 0.8800162249499833
2024-10-19 19:03:56.133 | INFO     | __main__:update_vector:151 - update_vector: [  8.89993994 -99.09990449]
2024-10-19 19:06:52.521 | INFO     | __main__:<module>:15 - Start Time: 2024-10-19 19:06:52.521960
2024-10-19 19:06:52.680 | INFO     | __main__:<module>:225 - present_vector_3d: [ 100  -70 -200], target_vector_3d: [-100   10  300]
2024-10-19 19:06:52.681 | INFO     | __main__:<module>:230 - X-Z Rotate
2024-10-19 19:07:00.709 | INFO     | __main__:<module>:15 - Start Time: 2024-10-19 19:07:00.709830
2024-10-19 19:07:00.851 | INFO     | __main__:<module>:225 - present_vector_3d: [ 100  -70 -200], target_vector_3d: [-100   10  300]
2024-10-19 19:07:00.851 | INFO     | __main__:<module>:230 - X-Z Rotate
2024-10-19 19:07:00.852 | INFO     | __main__:update_vector:146 - present_vector: [-100 -200] target_vector: [-100  300] Rotate_Angle: 2.356194490192345
2024-10-19 19:07:00.852 | INFO     | __main__:update_vector:151 - update_vector: [212.13203436  70.71067812]
2024-10-19 19:07:00.854 | INFO     | __main__:<module>:243 - X-Y Rotate
2024-10-19 19:07:00.855 | INFO     | __main__:update_vector:146 - present_vector: [212.13203436 -70.        ] target_vector: [-100   10] Rotate_Angle: 2.922528927850432
2024-10-19 19:07:00.855 | INFO     | __main__:update_vector:151 - update_vector: [-191.85025652  114.42674108]
2024-10-19 19:07:45.140 | INFO     | __main__:<module>:15 - Start Time: 2024-10-19 19:07:45.140903
2024-10-19 19:07:45.288 | INFO     | __main__:<module>:225 - present_vector_3d: [ 100  -70 -200], target_vector_3d: [-100   10  300]
2024-10-19 19:07:45.290 | INFO     | __main__:<module>:230 - X-Z Rotate
2024-10-19 19:07:45.291 | INFO     | __main__:update_vector:146 - present_vector: [-100 -200] target_vector: [100 300] Rotate_Angle: 2.9996955989856287
2024-10-19 19:07:45.291 | INFO     | __main__:update_vector:151 - update_vector: [127.27922061 183.84776311]
2024-10-19 19:07:45.293 | INFO     | __main__:<module>:243 - X-Y Rotate
2024-10-19 19:07:45.293 | INFO     | __main__:update_vector:146 - present_vector: [127.27922061 -70.        ] target_vector: [-100   10] Rotate_Angle: 2.7384396378859805
2024-10-19 19:07:45.294 | INFO     | __main__:update_vector:151 - update_vector: [-89.61262768 114.3222505 ]
2024-10-19 19:10:46.641 | INFO     | __main__:<module>:15 - Start Time: 2024-10-19 19:10:46.641461
2024-10-19 19:10:46.785 | INFO     | __main__:<module>:225 - present_vector_3d: [ 100  -70 -200], target_vector_3d: [-100   10  300]
2024-10-19 19:10:46.787 | INFO     | __main__:<module>:231 - X-Z Rotate
2024-10-19 19:10:46.787 | INFO     | __main__:update_vector:146 - present_vector: [-100 -200] target_vector: [100 300] Rotate_Angle: 2.9996955989856287
2024-10-19 19:10:46.787 | INFO     | __main__:update_vector:151 - update_vector: [127.27922061 183.84776311]
2024-10-19 19:10:46.789 | INFO     | __main__:<module>:244 - X-Y Rotate
2024-10-19 19:10:46.789 | INFO     | __main__:update_vector:146 - present_vector: [127.27922061 -70.        ] target_vector: [-100   10] Rotate_Angle: 2.7384396378859805
2024-10-19 19:10:46.789 | INFO     | __main__:update_vector:151 - update_vector: [-89.61262768 114.3222505 ]
2024-10-19 19:11:11.166 | INFO     | __main__:<module>:15 - Start Time: 2024-10-19 19:11:11.166481
2024-10-19 19:11:11.318 | INFO     | __main__:<module>:225 - present_vector_3d: [ 100  -70 -200], target_vector_3d: [-100   10  300]
2024-10-19 19:11:11.319 | INFO     | __main__:<module>:231 - X-Z Rotate
2024-10-19 19:11:11.320 | INFO     | __main__:update_vector:146 - present_vector: [-100 -200] target_vector: [100 300] Rotate_Angle: 2.9996955989856287
2024-10-19 19:11:11.320 | INFO     | __main__:update_vector:151 - update_vector: [127.27922061 183.84776311]
2024-10-19 19:11:11.321 | INFO     | __main__:<module>:244 - X-Y Rotate
2024-10-19 19:11:11.321 | INFO     | __main__:update_vector:146 - present_vector: [127.27922061 -70.        ] target_vector: [-100   10] Rotate_Angle: 2.7384396378859805
2024-10-19 19:11:11.321 | INFO     | __main__:update_vector:151 - update_vector: [-89.61262768 114.3222505 ]
2024-10-19 19:11:44.650 | INFO     | __main__:<module>:15 - Start Time: 2024-10-19 19:11:44.650177
2024-10-19 19:11:44.794 | INFO     | __main__:<module>:225 - present_vector_3d: [-100   10  300], target_vector_3d: [-100   10  300]
2024-10-19 19:11:44.794 | INFO     | __main__:<module>:231 - X-Z Rotate
2024-10-19 19:11:44.794 | INFO     | __main__:update_vector:146 - present_vector: [100 300] target_vector: [100 300] Rotate_Angle: 1.4901161193847656e-08
2024-10-19 19:11:44.794 | INFO     | __main__:update_vector:151 - update_vector: [ 99.99999553 300.00000149]
2024-10-19 19:11:44.794 | INFO     | __main__:<module>:244 - X-Y Rotate
2024-10-19 19:11:44.794 | INFO     | __main__:update_vector:146 - present_vector: [99.99999553 10.        ] target_vector: [-100   10] Rotate_Angle: 2.9422553441813815
2024-10-19 19:11:44.794 | INFO     | __main__:update_vector:151 - update_vector: [-99.99999557   9.99999956]
2024-10-19 19:12:08.161 | INFO     | __main__:<module>:15 - Start Time: 2024-10-19 19:12:08.161538
2024-10-19 19:12:08.296 | INFO     | __main__:<module>:225 - present_vector_3d: [ 100  -70 -200], target_vector_3d: [-100   10  300]
2024-10-19 19:12:08.296 | INFO     | __main__:<module>:231 - X-Z Rotate
2024-10-19 19:12:08.296 | INFO     | __main__:update_vector:146 - present_vector: [-100 -200] target_vector: [100 300] Rotate_Angle: 2.9996955989856287
2024-10-19 19:12:08.296 | INFO     | __main__:update_vector:151 - update_vector: [127.27922061 183.84776311]
2024-10-19 19:12:08.312 | INFO     | __main__:<module>:244 - X-Y Rotate
2024-10-19 19:12:08.312 | INFO     | __main__:update_vector:146 - present_vector: [127.27922061 -70.        ] target_vector: [-100   10] Rotate_Angle: 2.7384396378859805
2024-10-19 19:12:08.313 | INFO     | __main__:update_vector:151 - update_vector: [-89.61262768 114.3222505 ]
2024-10-19 19:13:38.140 | INFO     | __main__:<module>:15 - Start Time: 2024-10-19 19:13:38.140971
2024-10-19 19:13:38.288 | INFO     | __main__:<module>:225 - present_vector_3d: [ 100  -70 -200], target_vector_3d: [-100   10  300]
2024-10-19 19:13:38.289 | INFO     | __main__:<module>:231 - X-Z Rotate
2024-10-19 19:13:38.290 | INFO     | __main__:update_vector:146 - present_vector: [-100 -200] target_vector: [100 300] Rotate_Angle: 2.9996955989856287
2024-10-19 19:13:38.290 | INFO     | __main__:update_vector:151 - update_vector: [127.27922061 183.84776311]
2024-10-19 19:13:38.291 | INFO     | __main__:<module>:244 - X-Y Rotate
2024-10-19 19:13:38.292 | INFO     | __main__:update_vector:146 - present_vector: [127.27922061 -70.        ] target_vector: [-100   10] Rotate_Angle: 2.7384396378859805
2024-10-19 19:13:38.292 | INFO     | __main__:update_vector:151 - update_vector: [-89.61262768 114.3222505 ]
2024-10-19 19:13:57.616 | INFO     | __main__:<module>:15 - Start Time: 2024-10-19 19:13:57.616786
2024-10-19 19:13:57.797 | INFO     | __main__:<module>:225 - present_vector_3d: [ 100  -70 -200], target_vector_3d: [-100   10  300]
2024-10-19 19:13:57.798 | INFO     | __main__:<module>:231 - X-Z Rotate
2024-10-19 19:13:57.799 | INFO     | __main__:update_vector:146 - present_vector: [-100 -200] target_vector: [100 300] Rotate_Angle: 2.9996955989856287
2024-10-19 19:13:57.799 | INFO     | __main__:update_vector:151 - update_vector: [127.27922061 183.84776311]
2024-10-19 19:13:57.801 | INFO     | __main__:<module>:244 - X-Y Rotate
2024-10-19 19:13:57.801 | INFO     | __main__:update_vector:146 - present_vector: [127.27922061 -70.        ] target_vector: [-100   10] Rotate_Angle: 2.7384396378859805
2024-10-19 19:13:57.801 | INFO     | __main__:update_vector:151 - update_vector: [-89.61262768 114.3222505 ]
2024-10-19 19:16:22.801 | INFO     | __main__:<module>:15 - Start Time: 2024-10-19 19:16:22.801734
2024-10-19 19:16:22.950 | INFO     | __main__:<module>:225 - present_vector_3d: [ 100  -70 -200], target_vector_3d: [-100   10  300]
2024-10-19 19:16:22.952 | INFO     | __main__:<module>:231 - X-Z Rotate
2024-10-19 19:16:22.952 | INFO     | __main__:update_vector:146 - present_vector: [-100 -200] target_vector: [100 300] Rotate_Angle: 2.9996955989856287
2024-10-19 19:16:22.953 | INFO     | __main__:update_vector:151 - update_vector: [127.27922061 183.84776311]
2024-10-19 19:16:22.954 | INFO     | __main__:<module>:244 - X-Y Rotate
2024-10-19 19:16:22.954 | INFO     | __main__:update_vector:146 - present_vector: [-127.27922061  -70.        ] target_vector: [100  10] Rotate_Angle: 2.7384396378859805
2024-10-19 19:16:22.955 | INFO     | __main__:update_vector:151 - update_vector: [144.5375007   14.45375007]
2024-10-19 19:18:15.772 | INFO     | __main__:<module>:15 - Start Time: 2024-10-19 19:18:15.772406
2024-10-19 19:18:15.975 | INFO     | __main__:<module>:225 - present_vector_3d: [ 100  -70 -200], target_vector_3d: [-100   10  300]
2024-10-19 19:18:15.976 | INFO     | __main__:<module>:231 - X-Z Rotate
2024-10-19 19:18:15.976 | INFO     | __main__:update_vector:146 - present_vector: [-100 -200] target_vector: [100 300] Rotate_Angle: 2.9996955989856287
2024-10-19 19:18:15.976 | INFO     | __main__:update_vector:151 - update_vector: [127.27922061 183.84776311]
2024-10-19 19:18:15.978 | INFO     | __main__:<module>:244 - X-Y Rotate
2024-10-19 19:18:15.979 | INFO     | __main__:update_vector:146 - present_vector: [-127.27922061  -70.        ] target_vector: [ 10 100] Rotate_Angle: 2.1732866474810337
2024-10-19 19:18:15.979 | INFO     | __main__:update_vector:151 - update_vector: [129.80351835 -65.2000508 ]
2024-10-19 19:18:38.539 | INFO     | __main__:<module>:15 - Start Time: 2024-10-19 19:18:38.539050
2024-10-19 19:18:38.684 | INFO     | __main__:<module>:225 - present_vector_3d: [ 100  -70 -200], target_vector_3d: [-100   10  300]
2024-10-19 19:18:38.684 | INFO     | __main__:<module>:231 - X-Z Rotate
2024-10-19 19:18:38.686 | INFO     | __main__:update_vector:146 - present_vector: [-100 -200] target_vector: [100 300] Rotate_Angle: 2.9996955989856287
2024-10-19 19:18:38.686 | INFO     | __main__:update_vector:151 - update_vector: [127.27922061 183.84776311]
2024-10-19 19:18:38.688 | INFO     | __main__:<module>:244 - X-Y Rotate
2024-10-19 19:18:38.688 | INFO     | __main__:update_vector:146 - present_vector: [ -70.         -127.27922061] target_vector: [ 10 100] Rotate_Angle: 2.7384396378859805
2024-10-19 19:18:38.689 | INFO     | __main__:update_vector:151 - update_vector: [114.3222505   89.61262768]
2024-10-19 19:19:24.198 | INFO     | __main__:<module>:15 - Start Time: 2024-10-19 19:19:24.198910
2024-10-19 19:19:24.346 | INFO     | __main__:<module>:225 - present_vector_3d: [ 100  -70 -200], target_vector_3d: [-100   10  300]
2024-10-19 19:19:24.348 | INFO     | __main__:<module>:231 - X-Z Rotate
2024-10-19 19:19:24.348 | INFO     | __main__:update_vector:146 - present_vector: [-200 -100] target_vector: [300 100] Rotate_Angle: 2.9996955989856287
2024-10-19 19:19:24.348 | INFO     | __main__:update_vector:151 - update_vector: [212.13203436  70.71067812]
2024-10-19 19:19:24.349 | INFO     | __main__:<module>:244 - X-Y Rotate
2024-10-19 19:19:24.350 | INFO     | __main__:update_vector:146 - present_vector: [ -70.         -212.13203436] target_vector: [ 10 100] Rotate_Angle: 2.9225289278504305
2024-10-19 19:19:24.350 | INFO     | __main__:update_vector:151 - update_vector: [114.42674108 191.85025652]
2024-10-19 19:20:05.608 | INFO     | __main__:<module>:15 - Start Time: 2024-10-19 19:20:05.608730
2024-10-19 19:20:05.765 | INFO     | __main__:<module>:225 - present_vector_3d: [ 100  -70 -200], target_vector_3d: [-100   10  300]
2024-10-19 19:20:05.767 | INFO     | __main__:<module>:231 - X-Z Rotate
2024-10-19 19:20:05.767 | INFO     | __main__:update_vector:146 - present_vector: [-100 -200] target_vector: [100 300] Rotate_Angle: 2.9996955989856287
2024-10-19 19:20:05.767 | INFO     | __main__:update_vector:151 - update_vector: [127.27922061 183.84776311]
2024-10-19 19:20:05.769 | INFO     | __main__:<module>:244 - X-Y Rotate
2024-10-19 19:20:05.770 | INFO     | __main__:update_vector:146 - present_vector: [ -70.         -127.27922061] target_vector: [ 10 100] Rotate_Angle: 2.7384396378859805
2024-10-19 19:20:05.770 | INFO     | __main__:update_vector:151 - update_vector: [114.3222505   89.61262768]
2024-10-19 19:21:41.490 | INFO     | __main__:<module>:15 - Start Time: 2024-10-19 19:21:41.490480
2024-10-19 19:21:41.621 | INFO     | __main__:<module>:225 - present_vector_3d: [ 100  -70 -200], target_vector_3d: [-100   10  300]
2024-10-19 19:21:41.621 | INFO     | __main__:<module>:231 - X-Z Rotate
2024-10-19 19:21:41.621 | INFO     | __main__:update_vector:146 - present_vector: [-100 -200] target_vector: [100 300] Rotate_Angle: 2.9996955989856287
2024-10-19 19:21:41.621 | INFO     | __main__:update_vector:151 - update_vector: [127.27922061 183.84776311]
2024-10-19 19:21:41.621 | INFO     | __main__:<module>:244 - X-Y Rotate
2024-10-19 19:21:41.621 | INFO     | __main__:update_vector:146 - present_vector: [ -70.         -127.27922061] target_vector: [ 10 100] Rotate_Angle: 2.7384396378859805
2024-10-19 19:21:41.621 | INFO     | __main__:update_vector:151 - update_vector: [114.3222505   89.61262768]
2024-10-19 19:22:01.545 | INFO     | __main__:<module>:15 - Start Time: 2024-10-19 19:22:01.545596
2024-10-19 19:22:01.697 | INFO     | __main__:<module>:225 - present_vector_3d: [ 100  -70 -200], target_vector_3d: [-100   10  300]
2024-10-19 19:22:01.698 | INFO     | __main__:<module>:231 - X-Z Rotate
2024-10-19 19:22:01.698 | INFO     | __main__:update_vector:146 - present_vector: [-100 -200] target_vector: [100 300] Rotate_Angle: 2.9996955989856287
2024-10-19 19:22:01.699 | INFO     | __main__:update_vector:151 - update_vector: [127.27922061 183.84776311]
2024-10-19 19:22:01.700 | INFO     | __main__:<module>:244 - X-Y Rotate
2024-10-19 19:22:01.700 | INFO     | __main__:update_vector:146 - present_vector: [ -70.         -127.27922061] target_vector: [ 10 100] Rotate_Angle: 2.7384396378859805
2024-10-19 19:22:01.701 | INFO     | __main__:update_vector:151 - update_vector: [114.3222505   89.61262768]
2024-10-19 19:57:42.805 | INFO     | __main__:<module>:15 - Start Time: 2024-10-19 19:57:42.805160
2024-10-19 19:57:42.936 | INFO     | __main__:<module>:226 - present_vector_3d: [ 100  -70 -200], target_vector_3d: [-100   10  300]
2024-10-19 19:57:42.936 | INFO     | __main__:<module>:232 - X-Z Rotate
2024-10-19 19:57:42.936 | INFO     | __main__:update_vector:146 - present_vector: [-100 -200] target_vector: [100 300] Rotate_Angle: 2.9996955989856287
2024-10-19 19:57:42.936 | INFO     | __main__:update_vector:152 - update_vector: [127.27922061 183.84776311]
2024-10-19 19:57:42.952 | INFO     | __main__:<module>:245 - X-Y Rotate
2024-10-19 19:57:42.952 | INFO     | __main__:update_vector:146 - present_vector: [ -70.         -127.27922061] target_vector: [ 10 100] Rotate_Angle: 2.7384396378859805
2024-10-19 19:57:42.953 | INFO     | __main__:update_vector:152 - update_vector: [114.3222505   89.61262768]
2024-10-19 19:57:54.551 | INFO     | __main__:<module>:15 - Start Time: 2024-10-19 19:57:54.551300
2024-10-19 19:57:54.700 | INFO     | __main__:<module>:226 - present_vector_3d: [ 100  -70 -200], target_vector_3d: [-100   10  300]
2024-10-19 19:57:54.700 | INFO     | __main__:<module>:232 - X-Z Rotate
2024-10-19 19:57:54.700 | INFO     | __main__:update_vector:146 - present_vector: [-100 -200] target_vector: [100 300] Rotate_Angle: 2.9996955989856287
2024-10-19 19:57:54.700 | INFO     | __main__:update_vector:152 - update_vector: [127.27922061 183.84776311]
2024-10-19 19:57:54.700 | INFO     | __main__:<module>:245 - X-Y Rotate
2024-10-19 19:57:54.700 | INFO     | __main__:update_vector:146 - present_vector: [ -70.         -127.27922061] target_vector: [ 10 100] Rotate_Angle: 2.7384396378859805
2024-10-19 19:57:54.700 | INFO     | __main__:update_vector:152 - update_vector: [114.3222505   89.61262768]
2024-10-19 19:59:35.973 | INFO     | __main__:<module>:15 - Start Time: 2024-10-19 19:59:35.973289
2024-10-19 19:59:36.123 | INFO     | __main__:<module>:246 - present_vector_3d: [ 100  -70 -200], target_vector_3d: [-100   10  300]
2024-10-19 19:59:36.125 | INFO     | __main__:<module>:252 - X-Z Rotate
2024-10-19 19:59:36.135 | INFO     | __main__:update_vector:166 - present_vector: [-100 -200] target_vector: [100 300] Rotate_Angle: -2.9996955989856287
2024-10-19 19:59:36.135 | INFO     | __main__:update_vector:172 - update_vector: [ 70.71067812 212.13203436]
2024-10-19 19:59:36.137 | INFO     | __main__:<module>:265 - X-Y Rotate
2024-10-19 19:59:36.137 | INFO     | __main__:update_vector:166 - present_vector: [-70.         -70.71067812] target_vector: [ 10 100] Rotate_Angle: -2.460913733622134
2024-10-19 19:59:36.138 | INFO     | __main__:update_vector:172 - update_vector: [ 9.90049504 99.00495037]
2024-10-19 20:00:26.836 | INFO     | __main__:<module>:15 - Start Time: 2024-10-19 20:00:26.836702
2024-10-19 20:00:26.993 | INFO     | __main__:<module>:246 - present_vector_3d: [ 100  -70 -200], target_vector_3d: [-100   10  300]
2024-10-19 20:00:26.993 | INFO     | __main__:<module>:252 - X-Z Rotate
2024-10-19 20:00:26.993 | INFO     | __main__:update_vector:166 - present_vector: [-100 -200] target_vector: [100 300] Rotate_Angle: -2.9996955989856287
2024-10-19 20:00:26.993 | INFO     | __main__:update_vector:172 - update_vector: [ 70.71067812 212.13203436]
2024-10-19 20:00:26.993 | INFO     | __main__:<module>:265 - X-Y Rotate
2024-10-19 20:00:26.996 | INFO     | __main__:update_vector:166 - present_vector: [-70.         -70.71067812] target_vector: [ 10 100] Rotate_Angle: -2.460913733622134
2024-10-19 20:00:26.996 | INFO     | __main__:update_vector:172 - update_vector: [ 9.90049504 99.00495037]
2024-10-19 20:00:56.913 | INFO     | __main__:<module>:15 - Start Time: 2024-10-19 20:00:56.913503
2024-10-19 20:00:57.068 | INFO     | __main__:<module>:246 - present_vector_3d: [  20  -80 -200], target_vector_3d: [-60 -20  30]
2024-10-19 20:00:57.070 | INFO     | __main__:<module>:252 - X-Z Rotate
2024-10-19 20:00:57.070 | INFO     | __main__:update_vector:166 - present_vector: [ -20 -200] target_vector: [60 30] Rotate_Angle: 2.1341125882868646
2024-10-19 20:00:57.071 | INFO     | __main__:update_vector:172 - update_vector: [179.77764043  89.88882022]
2024-10-19 20:00:57.072 | INFO     | __main__:<module>:265 - X-Y Rotate
2024-10-19 20:00:57.073 | INFO     | __main__:update_vector:166 - present_vector: [ -80.         -179.77764043] target_vector: [-20  60] Rotate_Angle: -2.401158822880672
2024-10-19 20:00:57.073 | INFO     | __main__:update_vector:172 - update_vector: [-62.22539674 186.67619023]
2024-10-19 20:04:52.029 | INFO     | __main__:<module>:15 - Start Time: 2024-10-19 20:04:52.029825
2024-10-19 20:04:52.179 | INFO     | __main__:<module>:246 - present_vector_3d: [  20  -80 -200], target_vector_3d: [-60 -20  30]
2024-10-19 20:04:52.179 | INFO     | __main__:<module>:252 - X-Z Rotate
2024-10-19 20:04:52.179 | INFO     | __main__:update_vector:166 - present_vector: [ -20 -200] target_vector: [60 30] Rotate_Angle: 2.1341125882868646
2024-10-19 20:04:52.179 | INFO     | __main__:update_vector:172 - update_vector: [179.77764043  89.88882022]
2024-10-19 20:04:52.179 | INFO     | __main__:<module>:265 - X-Y Rotate
2024-10-19 20:04:52.179 | INFO     | __main__:update_vector:166 - present_vector: [-179.77764043  -80.        ] target_vector: [ 60 -20] Rotate_Angle: 2.401158822880672
2024-10-19 20:04:52.179 | INFO     | __main__:update_vector:172 - update_vector: [186.67619023 -62.22539674]
2024-10-19 20:06:16.142 | INFO     | __main__:<module>:15 - Start Time: 2024-10-19 20:06:16.142376
2024-10-19 20:06:16.297 | INFO     | __main__:<module>:246 - present_vector_3d: [  20  -80 -200], target_vector_3d: [-60 -20  30]
2024-10-19 20:06:16.297 | INFO     | __main__:<module>:252 - X-Z Rotate
2024-10-19 20:06:16.299 | INFO     | __main__:update_vector:166 - present_vector: [ -20 -200] target_vector: [60 30] Rotate_Angle: 2.1341125882868646
2024-10-19 20:06:16.299 | INFO     | __main__:update_vector:172 - update_vector: [179.77764043  89.88882022]
2024-10-19 20:06:16.301 | INFO     | __main__:<module>:265 - X-Y Rotate
2024-10-19 20:06:16.301 | INFO     | __main__:update_vector:166 - present_vector: [ -80.         -179.77764043] target_vector: [-20  60] Rotate_Angle: -2.401158822880672
2024-10-19 20:06:16.301 | INFO     | __main__:update_vector:172 - update_vector: [-62.22539674 186.67619023]
2024-10-19 20:06:45.466 | INFO     | __main__:<module>:15 - Start Time: 2024-10-19 20:06:45.466245
2024-10-19 20:06:45.610 | INFO     | __main__:<module>:246 - present_vector_3d: [  20  -80 -200], target_vector_3d: [-60 -20  30]
2024-10-19 20:06:45.611 | INFO     | __main__:<module>:252 - X-Z Rotate
2024-10-19 20:06:45.611 | INFO     | __main__:update_vector:166 - present_vector: [ -20 -200] target_vector: [60 30] Rotate_Angle: 2.1341125882868646
2024-10-19 20:06:45.611 | INFO     | __main__:update_vector:172 - update_vector: [179.77764043  89.88882022]
2024-10-19 20:06:45.613 | INFO     | __main__:<module>:265 - X-Y Rotate
2024-10-19 20:06:45.613 | INFO     | __main__:update_vector:166 - present_vector: [ 80.         179.77764043] target_vector: [ 20 -60] Rotate_Angle: -2.401158822880672
2024-10-19 20:06:45.614 | INFO     | __main__:update_vector:172 - update_vector: [  62.22539674 -186.67619023]
2024-10-19 20:07:09.140 | INFO     | __main__:<module>:15 - Start Time: 2024-10-19 20:07:09.140438
2024-10-19 20:07:09.276 | INFO     | __main__:<module>:246 - present_vector_3d: [  20  -80 -200], target_vector_3d: [-60 -20  30]
2024-10-19 20:07:09.276 | INFO     | __main__:<module>:252 - X-Z Rotate
2024-10-19 20:07:09.276 | INFO     | __main__:update_vector:166 - present_vector: [ -20 -200] target_vector: [60 30] Rotate_Angle: 2.1341125882868646
2024-10-19 20:07:09.276 | INFO     | __main__:update_vector:172 - update_vector: [179.77764043  89.88882022]
2024-10-19 20:07:09.276 | INFO     | __main__:<module>:265 - X-Y Rotate
2024-10-19 20:07:09.276 | INFO     | __main__:update_vector:166 - present_vector: [ -80.         -179.77764043] target_vector: [-20  60] Rotate_Angle: -2.401158822880672
2024-10-19 20:07:09.276 | INFO     | __main__:update_vector:172 - update_vector: [-62.22539674 186.67619023]
2024-10-19 20:09:34.351 | INFO     | __main__:<module>:15 - Start Time: 2024-10-19 20:09:34.351532
2024-10-19 20:09:34.493 | INFO     | __main__:<module>:246 - present_vector_3d: [  20  -80 -200], target_vector_3d: [-60 -20  30]
2024-10-19 20:09:34.494 | INFO     | __main__:<module>:252 - X-Z Rotate
2024-10-19 20:09:34.494 | INFO     | __main__:update_vector:166 - present_vector: [ -20 -200] target_vector: [60 30] Rotate_Angle: 2.1341125882868646
2024-10-19 20:09:34.494 | INFO     | __main__:update_vector:172 - update_vector: [179.77764043  89.88882022]
2024-10-19 20:09:34.496 | INFO     | __main__:<module>:265 - X-Y Rotate
2024-10-19 20:09:34.496 | INFO     | __main__:update_vector:166 - present_vector: [ -80.         -179.77764043] target_vector: [-20  60] Rotate_Angle: -2.401158822880672
2024-10-19 20:09:34.496 | INFO     | __main__:update_vector:172 - update_vector: [-62.22539674 186.67619023]
2024-10-19 20:11:44.767 | INFO     | __main__:<module>:15 - Start Time: 2024-10-19 20:11:44.767782
2024-10-19 20:11:44.922 | INFO     | __main__:<module>:246 - present_vector_3d: [  20  -80 -200], target_vector_3d: [-60 -20  30]
2024-10-19 20:11:44.924 | INFO     | __main__:<module>:252 - X-Z Rotate
2024-10-19 20:11:44.924 | INFO     | __main__:update_vector:166 - present_vector: [ -20 -200] target_vector: [60 30] Rotate_Angle: 2.1341125882868646
2024-10-19 20:11:44.924 | INFO     | __main__:update_vector:172 - update_vector: [179.77764043  89.88882022]
2024-10-19 20:11:44.926 | INFO     | __main__:<module>:265 - X-Y Rotate
2024-10-19 20:11:44.926 | INFO     | __main__:update_vector:166 - present_vector: [ -80.         -179.77764043] target_vector: [-20  60] Rotate_Angle: -2.401158822880672
2024-10-19 20:11:44.927 | INFO     | __main__:update_vector:172 - update_vector: [-62.22539674 186.67619023]
2024-10-19 20:12:27.360 | INFO     | __main__:<module>:15 - Start Time: 2024-10-19 20:12:27.360237
2024-10-19 20:12:27.524 | INFO     | __main__:<module>:246 - present_vector_3d: [  20  -80 -200], target_vector_3d: [-60 -20  30]
2024-10-19 20:12:27.524 | INFO     | __main__:<module>:252 - X-Z Rotate
2024-10-19 20:12:27.524 | INFO     | __main__:update_vector:166 - present_vector: [ -20 -200] target_vector: [60 30] Rotate_Angle: 2.1341125882868646
2024-10-19 20:12:27.524 | INFO     | __main__:update_vector:172 - update_vector: [179.77764043  89.88882022]
2024-10-19 20:12:27.539 | INFO     | __main__:<module>:265 - X-Y Rotate
2024-10-19 20:12:27.539 | INFO     | __main__:update_vector:166 - present_vector: [ -80.         -179.77764043] target_vector: [-20  60] Rotate_Angle: -2.401158822880672
2024-10-19 20:12:27.539 | INFO     | __main__:update_vector:172 - update_vector: [-62.22539674 186.67619023]
2024-10-19 20:13:25.560 | INFO     | __main__:<module>:15 - Start Time: 2024-10-19 20:13:25.560802
2024-10-19 20:13:25.705 | INFO     | __main__:<module>:246 - present_vector_3d: [  20  -80 -200], target_vector_3d: [-60 -20  30]
2024-10-19 20:13:25.705 | INFO     | __main__:<module>:252 - X-Z Rotate
2024-10-19 20:13:25.706 | INFO     | __main__:update_vector:166 - present_vector: [ -20 -200] target_vector: [60 30] Rotate_Angle: 2.1341125882868646
2024-10-19 20:13:25.706 | INFO     | __main__:update_vector:172 - update_vector: [179.77764043  89.88882022]
2024-10-19 20:13:25.707 | INFO     | __main__:<module>:265 - X-Y Rotate
2024-10-19 20:13:25.707 | INFO     | __main__:update_vector:166 - present_vector: [ -80.         -179.77764043] target_vector: [-20  60] Rotate_Angle: -2.401158822880672
2024-10-19 20:13:25.707 | INFO     | __main__:update_vector:172 - update_vector: [-62.22539674 186.67619023]
2024-10-19 20:14:16.592 | INFO     | __main__:<module>:15 - Start Time: 2024-10-19 20:14:16.592945
2024-10-19 20:14:16.751 | INFO     | __main__:<module>:246 - present_vector_3d: [  20  -80 -200], target_vector_3d: [-60 -20  30]
2024-10-19 20:14:16.752 | INFO     | __main__:<module>:252 - X-Z Rotate
2024-10-19 20:14:16.753 | INFO     | __main__:update_vector:166 - present_vector: [ -20 -200] target_vector: [60 30] Rotate_Angle: 2.1341125882868646
2024-10-19 20:14:16.753 | INFO     | __main__:update_vector:172 - update_vector: [179.77764043  89.88882022]
2024-10-19 20:14:16.754 | INFO     | __main__:<module>:265 - X-Y Rotate
2024-10-19 20:14:16.755 | INFO     | __main__:update_vector:166 - present_vector: [ -80.         -179.77764043] target_vector: [-20  60] Rotate_Angle: -2.401158822880672
2024-10-19 20:14:16.755 | INFO     | __main__:update_vector:172 - update_vector: [-62.22539674 186.67619023]
2024-10-19 20:14:41.584 | INFO     | __main__:<module>:15 - Start Time: 2024-10-19 20:14:41.584358
2024-10-19 20:14:41.797 | INFO     | __main__:<module>:246 - present_vector_3d: [ 100  -80 -200], target_vector_3d: [ -60 -200  300]
2024-10-19 20:14:41.798 | INFO     | __main__:<module>:252 - X-Z Rotate
2024-10-19 20:14:41.799 | INFO     | __main__:update_vector:166 - present_vector: [-100 -200] target_vector: [ 60 300] Rotate_Angle: -2.8753406044388674
2024-10-19 20:14:41.800 | INFO     | __main__:update_vector:172 - update_vector: [ 43.85290097 219.26450483]
2024-10-19 20:14:41.802 | INFO     | __main__:<module>:265 - X-Y Rotate
2024-10-19 20:14:41.803 | INFO     | __main__:update_vector:166 - present_vector: [-80.         -43.85290097] target_vector: [-200   60] Rotate_Angle: -0.7928872104133287
2024-10-19 20:14:41.803 | INFO     | __main__:update_vector:172 - update_vector: [-87.38335304  26.21500591]
